running develop
/usr/lib/python3/dist-packages/setuptools/command/easy_install.py:158: EasyInstallDeprecationWarning: easy_install command is deprecated. Use build and pip and other standards-based tools.
  warnings.warn(
running egg_info
creating turtleGame.egg-info
writing turtleGame.egg-info/PKG-INFO
writing dependency_links to turtleGame.egg-info/dependency_links.txt
writing entry points to turtleGame.egg-info/entry_points.txt
writing requirements to turtleGame.egg-info/requires.txt
writing top-level names to turtleGame.egg-info/top_level.txt
writing manifest file 'turtleGame.egg-info/SOURCES.txt'
reading manifest file 'turtleGame.egg-info/SOURCES.txt'
writing manifest file 'turtleGame.egg-info/SOURCES.txt'
running build_ext
Creating /home/youssef/turtleGame/install/turtleGame/lib/python3.10/site-packages/turtleGame.egg-link (link to .)
Installing turtle_controller script to /home/youssef/turtleGame/install/turtleGame/lib/turtleGame

Installed /home/youssef/turtleGame/build/turtleGame
running symlink_data
creating /home/youssef/turtleGame/install/turtleGame/share/ament_index
creating /home/youssef/turtleGame/install/turtleGame/share/ament_index/resource_index
creating /home/youssef/turtleGame/install/turtleGame/share/ament_index/resource_index/packages
symbolically linking /home/youssef/turtleGame/build/turtleGame/resource/turtleGame -> /home/youssef/turtleGame/install/turtleGame/share/ament_index/resource_index/packages
symbolically linking /home/youssef/turtleGame/build/turtleGame/package.xml -> /home/youssef/turtleGame/install/turtleGame/share/turtleGame
