[0.548s] Invoking command in '/home/youssef/turtleGame/build/turtleGame': PYTHONPATH=/home/youssef/turtleGame/build/turtleGame/prefix_override:/usr/lib/python3/dist-packages/colcon_core/task/python/colcon_distutils_commands:/home/youssef/turtleGame/install/turtleGame/lib/python3.10/site-packages:${PYTHONPATH} /usr/bin/python3 -W ignore:setup.py install is deprecated setup.py develop --editable --build-directory /home/youssef/turtleGame/build/turtleGame/build --no-deps symlink_data
[0.776s] running develop
[0.776s] /usr/lib/python3/dist-packages/setuptools/command/easy_install.py:158: EasyInstallDeprecationWarning: easy_install command is deprecated. Use build and pip and other standards-based tools.
[0.777s]   warnings.warn(
[0.905s] running egg_info
[0.905s] creating turtleGame.egg-info
[0.905s] writing turtleGame.egg-info/PKG-INFO
[0.905s] writing dependency_links to turtleGame.egg-info/dependency_links.txt
[0.905s] writing entry points to turtleGame.egg-info/entry_points.txt
[0.905s] writing requirements to turtleGame.egg-info/requires.txt
[0.905s] writing top-level names to turtleGame.egg-info/top_level.txt
[0.905s] writing manifest file 'turtleGame.egg-info/SOURCES.txt'
[0.907s] reading manifest file 'turtleGame.egg-info/SOURCES.txt'
[0.907s] writing manifest file 'turtleGame.egg-info/SOURCES.txt'
[0.908s] running build_ext
[0.908s] Creating /home/youssef/turtleGame/install/turtleGame/lib/python3.10/site-packages/turtleGame.egg-link (link to .)
[0.909s] Installing turtle_controller script to /home/youssef/turtleGame/install/turtleGame/lib/turtleGame
[0.909s] 
[0.909s] Installed /home/youssef/turtleGame/build/turtleGame
[0.909s] running symlink_data
[0.910s] creating /home/youssef/turtleGame/install/turtleGame/share/ament_index
[0.910s] creating /home/youssef/turtleGame/install/turtleGame/share/ament_index/resource_index
[0.910s] creating /home/youssef/turtleGame/install/turtleGame/share/ament_index/resource_index/packages
[0.910s] symbolically linking /home/youssef/turtleGame/build/turtleGame/resource/turtleGame -> /home/youssef/turtleGame/install/turtleGame/share/ament_index/resource_index/packages
[0.910s] symbolically linking /home/youssef/turtleGame/build/turtleGame/package.xml -> /home/youssef/turtleGame/install/turtleGame/share/turtleGame
[0.932s] Invoked command in '/home/youssef/turtleGame/build/turtleGame' returned '0': PYTHONPATH=/home/youssef/turtleGame/build/turtleGame/prefix_override:/usr/lib/python3/dist-packages/colcon_core/task/python/colcon_distutils_commands:/home/youssef/turtleGame/install/turtleGame/lib/python3.10/site-packages:${PYTHONPATH} /usr/bin/python3 -W ignore:setup.py install is deprecated setup.py develop --editable --build-directory /home/youssef/turtleGame/build/turtleGame/build --no-deps symlink_data
