[0.607s] Invoking command in '/home/youssef/turtleGame/build/turtleGame': PYTHONPATH=/home/youssef/turtleGame/build/turtleGame/prefix_override:/usr/lib/python3/dist-packages/colcon_core/task/python/colcon_distutils_commands:/home/youssef/turtleGame/install/turtleGame/lib/python3.10/site-packages:${PYTHONPATH} /usr/bin/python3 -W ignore:setup.py install is deprecated setup.py develop --editable --build-directory /home/youssef/turtleGame/build/turtleGame/build --no-deps symlink_data --force
[0.881s] running develop
[0.882s] /usr/lib/python3/dist-packages/setuptools/command/easy_install.py:158: EasyInstallDeprecationWarning: easy_install command is deprecated. Use build and pip and other standards-based tools.
[0.882s]   warnings.warn(
[1.037s] running egg_info
[1.038s] writing turtleGame.egg-info/PKG-INFO
[1.038s] writing dependency_links to turtleGame.egg-info/dependency_links.txt
[1.038s] writing entry points to turtleGame.egg-info/entry_points.txt
[1.038s] writing requirements to turtleGame.egg-info/requires.txt
[1.038s] writing top-level names to turtleGame.egg-info/top_level.txt
[1.040s] reading manifest file 'turtleGame.egg-info/SOURCES.txt'
[1.041s] writing manifest file 'turtleGame.egg-info/SOURCES.txt'
[1.042s] running build_ext
[1.043s] Creating /home/youssef/turtleGame/install/turtleGame/lib/python3.10/site-packages/turtleGame.egg-link (link to .)
[1.043s] Installing turtle_controller script to /home/youssef/turtleGame/install/turtleGame/lib/turtleGame
[1.044s] Installing turtle_killer script to /home/youssef/turtleGame/install/turtleGame/lib/turtleGame
[1.044s] Installing tuttle_spawner script to /home/youssef/turtleGame/install/turtleGame/lib/turtleGame
[1.044s] 
[1.044s] Installed /home/youssef/turtleGame/build/turtleGame
[1.044s] running symlink_data
[1.044s] symbolically linking /home/youssef/turtleGame/build/turtleGame/resource/turtleGame -> /home/youssef/turtleGame/install/turtleGame/share/ament_index/resource_index/packages
[1.044s] symbolically linking /home/youssef/turtleGame/build/turtleGame/package.xml -> /home/youssef/turtleGame/install/turtleGame/share/turtleGame
[1.071s] Invoked command in '/home/youssef/turtleGame/build/turtleGame' returned '0': PYTHONPATH=/home/youssef/turtleGame/build/turtleGame/prefix_override:/usr/lib/python3/dist-packages/colcon_core/task/python/colcon_distutils_commands:/home/youssef/turtleGame/install/turtleGame/lib/python3.10/site-packages:${PYTHONPATH} /usr/bin/python3 -W ignore:setup.py install is deprecated setup.py develop --editable --build-directory /home/youssef/turtleGame/build/turtleGame/build --no-deps symlink_data --force
