[0.505s] Invoking command in '/home/youssef/turtleGame/build/turtleGame': PYTHONPATH=/home/youssef/turtleGame/build/turtleGame/prefix_override:/usr/lib/python3/dist-packages/colcon_core/task/python/colcon_distutils_commands:/home/youssef/turtleGame/install/turtleGame/lib/python3.10/site-packages:${PYTHONPATH} /usr/bin/python3 -W ignore:setup.py install is deprecated setup.py develop --editable --build-directory /home/youssef/turtleGame/build/turtleGame/build --no-deps symlink_data
[0.724s] running develop
[0.724s] /usr/lib/python3/dist-packages/setuptools/command/easy_install.py:158: EasyInstallDeprecationWarning: easy_install command is deprecated. Use build and pip and other standards-based tools.
[0.724s]   warnings.warn(
[0.855s] running egg_info
[0.855s] writing turtleGame.egg-info/PKG-INFO
[0.855s] writing dependency_links to turtleGame.egg-info/dependency_links.txt
[0.855s] writing entry points to turtleGame.egg-info/entry_points.txt
[0.855s] writing requirements to turtleGame.egg-info/requires.txt
[0.855s] writing top-level names to turtleGame.egg-info/top_level.txt
[0.857s] reading manifest file 'turtleGame.egg-info/SOURCES.txt'
[0.857s] writing manifest file 'turtleGame.egg-info/SOURCES.txt'
[0.858s] running build_ext
[0.859s] Creating /home/youssef/turtleGame/install/turtleGame/lib/python3.10/site-packages/turtleGame.egg-link (link to .)
[0.859s] Installing turtle_controller script to /home/youssef/turtleGame/install/turtleGame/lib/turtleGame
[0.859s] Installing tuttle_spawner script to /home/youssef/turtleGame/install/turtleGame/lib/turtleGame
[0.860s] 
[0.860s] Installed /home/youssef/turtleGame/build/turtleGame
[0.860s] running symlink_data
[0.882s] Invoked command in '/home/youssef/turtleGame/build/turtleGame' returned '0': PYTHONPATH=/home/youssef/turtleGame/build/turtleGame/prefix_override:/usr/lib/python3/dist-packages/colcon_core/task/python/colcon_distutils_commands:/home/youssef/turtleGame/install/turtleGame/lib/python3.10/site-packages:${PYTHONPATH} /usr/bin/python3 -W ignore:setup.py install is deprecated setup.py develop --editable --build-directory /home/youssef/turtleGame/build/turtleGame/build --no-deps symlink_data
