[0.006s] Invoking command in '/home/youssef/turtleGame/build/hunter_turtle_bringup': AMENT_PREFIX_PATH=/home/youssef/turtleGame/install/turtleGame:/home/youssef/turtleGame/install/hunter_turtle_bringup:/home/youssef/ros2_ws/install/my_robot_controller:/home/youssef/sensor/install/UltasonicSensor:/opt/ros/humble CMAKE_PREFIX_PATH=${CMAKE_PREFIX_PATH}:/home/youssef/turtleGame/install/turtleGame:/home/youssef/ros2_ws/install/my_robot_controller:/home/youssef/sensor/install/UltasonicSensor:/opt/ros/humble /usr/bin/cmake --build /home/youssef/turtleGame/build/hunter_turtle_bringup -- -j20 -l20
[0.037s] Invoked command in '/home/youssef/turtleGame/build/hunter_turtle_bringup' returned '0': AMENT_PREFIX_PATH=/home/youssef/turtleGame/install/turtleGame:/home/youssef/turtleGame/install/hunter_turtle_bringup:/home/youssef/ros2_ws/install/my_robot_controller:/home/youssef/sensor/install/UltasonicSensor:/opt/ros/humble CMAKE_PREFIX_PATH=${CMAKE_PREFIX_PATH}:/home/youssef/turtleGame/install/turtleGame:/home/youssef/ros2_ws/install/my_robot_controller:/home/youssef/sensor/install/UltasonicSensor:/opt/ros/humble /usr/bin/cmake --build /home/youssef/turtleGame/build/hunter_turtle_bringup -- -j20 -l20
[0.059s] Invoking command in '/home/youssef/turtleGame/build/hunter_turtle_bringup': AMENT_PREFIX_PATH=/home/youssef/turtleGame/install/turtleGame:/home/youssef/turtleGame/install/hunter_turtle_bringup:/home/youssef/ros2_ws/install/my_robot_controller:/home/youssef/sensor/install/UltasonicSensor:/opt/ros/humble CMAKE_PREFIX_PATH=${CMAKE_PREFIX_PATH}:/home/youssef/turtleGame/install/turtleGame:/home/youssef/ros2_ws/install/my_robot_controller:/home/youssef/sensor/install/UltasonicSensor:/opt/ros/humble /usr/bin/cmake --install /home/youssef/turtleGame/build/hunter_turtle_bringup
[0.065s] -- Install configuration: ""
[0.065s] -- Execute custom install script
[0.066s] -- Up-to-date symlink: /home/youssef/turtleGame/install/hunter_turtle_bringup/share/hunter_turtle_bringup/launch/demo.launch.py
[0.066s] -- Up-to-date symlink: /home/youssef/turtleGame/install/hunter_turtle_bringup/share/ament_index/resource_index/package_run_dependencies/hunter_turtle_bringup
[0.066s] -- Up-to-date symlink: /home/youssef/turtleGame/install/hunter_turtle_bringup/share/ament_index/resource_index/parent_prefix_path/hunter_turtle_bringup
[0.066s] -- Up-to-date symlink: /home/youssef/turtleGame/install/hunter_turtle_bringup/share/hunter_turtle_bringup/environment/ament_prefix_path.sh
[0.066s] -- Up-to-date symlink: /home/youssef/turtleGame/install/hunter_turtle_bringup/share/hunter_turtle_bringup/environment/ament_prefix_path.dsv
[0.066s] -- Up-to-date symlink: /home/youssef/turtleGame/install/hunter_turtle_bringup/share/hunter_turtle_bringup/environment/path.sh
[0.066s] -- Up-to-date symlink: /home/youssef/turtleGame/install/hunter_turtle_bringup/share/hunter_turtle_bringup/environment/path.dsv
[0.066s] -- Up-to-date symlink: /home/youssef/turtleGame/install/hunter_turtle_bringup/share/hunter_turtle_bringup/local_setup.bash
[0.067s] -- Up-to-date symlink: /home/youssef/turtleGame/install/hunter_turtle_bringup/share/hunter_turtle_bringup/local_setup.sh
[0.067s] -- Up-to-date symlink: /home/youssef/turtleGame/install/hunter_turtle_bringup/share/hunter_turtle_bringup/local_setup.zsh
[0.067s] -- Up-to-date symlink: /home/youssef/turtleGame/install/hunter_turtle_bringup/share/hunter_turtle_bringup/local_setup.dsv
[0.067s] -- Symlinking: /home/youssef/turtleGame/install/hunter_turtle_bringup/share/hunter_turtle_bringup/package.dsv
[0.074s] -- Up-to-date symlink: /home/youssef/turtleGame/install/hunter_turtle_bringup/share/ament_index/resource_index/packages/hunter_turtle_bringup
[0.074s] -- Up-to-date symlink: /home/youssef/turtleGame/install/hunter_turtle_bringup/share/hunter_turtle_bringup/cmake/hunter_turtle_bringupConfig.cmake
[0.074s] -- Up-to-date symlink: /home/youssef/turtleGame/install/hunter_turtle_bringup/share/hunter_turtle_bringup/cmake/hunter_turtle_bringupConfig-version.cmake
[0.074s] -- Up-to-date symlink: /home/youssef/turtleGame/install/hunter_turtle_bringup/share/hunter_turtle_bringup/package.xml
[0.076s] Invoked command in '/home/youssef/turtleGame/build/hunter_turtle_bringup' returned '0': AMENT_PREFIX_PATH=/home/youssef/turtleGame/install/turtleGame:/home/youssef/turtleGame/install/hunter_turtle_bringup:/home/youssef/ros2_ws/install/my_robot_controller:/home/youssef/sensor/install/UltasonicSensor:/opt/ros/humble CMAKE_PREFIX_PATH=${CMAKE_PREFIX_PATH}:/home/youssef/turtleGame/install/turtleGame:/home/youssef/ros2_ws/install/my_robot_controller:/home/youssef/sensor/install/UltasonicSensor:/opt/ros/humble /usr/bin/cmake --install /home/youssef/turtleGame/build/hunter_turtle_bringup
