[0.097s] DEBUG:colcon:Command line arguments: ['/usr/bin/colcon', 'build', '--symlink-install']
[0.097s] DEBUG:colcon:Parsed command line arguments: Namespace(log_base=None, log_level=None, verb_name='build', build_base='build', install_base='install', merge_install=False, symlink_install=True, test_result_base=None, continue_on_error=False, executor='parallel', parallel_workers=20, event_handlers=None, ignore_user_meta=False, metas=['./colcon.meta'], base_paths=['.'], packages_ignore=None, packages_ignore_regex=None, paths=None, packages_up_to=None, packages_up_to_regex=None, packages_above=None, packages_above_and_dependencies=None, packages_above_depth=None, packages_select_by_dep=None, packages_skip_by_dep=None, packages_skip_up_to=None, packages_select_build_failed=False, packages_skip_build_finished=False, packages_select_test_failures=False, packages_skip_test_passed=False, packages_select=None, packages_skip=None, packages_select_regex=None, packages_skip_regex=None, packages_start=None, packages_end=None, allow_overriding=[], cmake_args=None, cmake_target=None, cmake_target_skip_unavailable=False, cmake_clean_cache=False, cmake_clean_first=False, cmake_force_configure=False, ament_cmake_args=None, catkin_cmake_args=None, catkin_skip_building_tests=False, verb_parser=<colcon_defaults.argument_parser.defaults.DefaultArgumentsDecorator object at 0x7742a19781c0>, verb_extension=<colcon_core.verb.build.BuildVerb object at 0x7742a196bc70>, main=<bound method BuildVerb.main of <colcon_core.verb.build.BuildVerb object at 0x7742a196bc70>>)
[0.238s] Level 1:colcon.colcon_core.package_discovery:discover_packages(colcon_meta) check parameters
[0.238s] Level 1:colcon.colcon_core.package_discovery:discover_packages(recursive) check parameters
[0.238s] Level 1:colcon.colcon_core.package_discovery:discover_packages(ignore) check parameters
[0.239s] Level 1:colcon.colcon_core.package_discovery:discover_packages(path) check parameters
[0.239s] Level 1:colcon.colcon_core.package_discovery:discover_packages(colcon_meta) discover
[0.239s] Level 1:colcon.colcon_core.package_discovery:discover_packages(recursive) discover
[0.239s] INFO:colcon.colcon_core.package_discovery:Crawling recursively for packages in '/home/youssef/turtleGame'
[0.239s] Level 1:colcon.colcon_core.package_identification:_identify(.) by extensions ['ignore', 'ignore_ament_install']
[0.239s] Level 1:colcon.colcon_core.package_identification:_identify(.) by extension 'ignore'
[0.239s] Level 1:colcon.colcon_core.package_identification:_identify(.) by extension 'ignore_ament_install'
[0.239s] Level 1:colcon.colcon_core.package_identification:_identify(.) by extensions ['colcon_pkg']
[0.239s] Level 1:colcon.colcon_core.package_identification:_identify(.) by extension 'colcon_pkg'
[0.239s] Level 1:colcon.colcon_core.package_identification:_identify(.) by extensions ['colcon_meta']
[0.239s] Level 1:colcon.colcon_core.package_identification:_identify(.) by extension 'colcon_meta'
[0.239s] Level 1:colcon.colcon_core.package_identification:_identify(.) by extensions ['ros']
[0.239s] Level 1:colcon.colcon_core.package_identification:_identify(.) by extension 'ros'
[0.249s] Level 1:colcon.colcon_core.package_identification:_identify(.) by extensions ['cmake', 'python']
[0.249s] Level 1:colcon.colcon_core.package_identification:_identify(.) by extension 'cmake'
[0.249s] Level 1:colcon.colcon_core.package_identification:_identify(.) by extension 'python'
[0.249s] Level 1:colcon.colcon_core.package_identification:_identify(.) by extensions ['python_setup_py']
[0.249s] Level 1:colcon.colcon_core.package_identification:_identify(.) by extension 'python_setup_py'
[0.249s] Level 1:colcon.colcon_core.package_identification:_identify(build) by extensions ['ignore', 'ignore_ament_install']
[0.249s] Level 1:colcon.colcon_core.package_identification:_identify(build) by extension 'ignore'
[0.249s] Level 1:colcon.colcon_core.package_identification:_identify(build) ignored
[0.250s] Level 1:colcon.colcon_core.package_identification:_identify(install) by extensions ['ignore', 'ignore_ament_install']
[0.250s] Level 1:colcon.colcon_core.package_identification:_identify(install) by extension 'ignore'
[0.250s] Level 1:colcon.colcon_core.package_identification:_identify(install) ignored
[0.250s] Level 1:colcon.colcon_core.package_identification:_identify(log) by extensions ['ignore', 'ignore_ament_install']
[0.250s] Level 1:colcon.colcon_core.package_identification:_identify(log) by extension 'ignore'
[0.250s] Level 1:colcon.colcon_core.package_identification:_identify(log) ignored
[0.250s] Level 1:colcon.colcon_core.package_identification:_identify(src) by extensions ['ignore', 'ignore_ament_install']
[0.250s] Level 1:colcon.colcon_core.package_identification:_identify(src) by extension 'ignore'
[0.250s] Level 1:colcon.colcon_core.package_identification:_identify(src) by extension 'ignore_ament_install'
[0.250s] Level 1:colcon.colcon_core.package_identification:_identify(src) by extensions ['colcon_pkg']
[0.250s] Level 1:colcon.colcon_core.package_identification:_identify(src) by extension 'colcon_pkg'
[0.250s] Level 1:colcon.colcon_core.package_identification:_identify(src) by extensions ['colcon_meta']
[0.250s] Level 1:colcon.colcon_core.package_identification:_identify(src) by extension 'colcon_meta'
[0.250s] Level 1:colcon.colcon_core.package_identification:_identify(src) by extensions ['ros']
[0.250s] Level 1:colcon.colcon_core.package_identification:_identify(src) by extension 'ros'
[0.250s] Level 1:colcon.colcon_core.package_identification:_identify(src) by extensions ['cmake', 'python']
[0.250s] Level 1:colcon.colcon_core.package_identification:_identify(src) by extension 'cmake'
[0.250s] Level 1:colcon.colcon_core.package_identification:_identify(src) by extension 'python'
[0.250s] Level 1:colcon.colcon_core.package_identification:_identify(src) by extensions ['python_setup_py']
[0.250s] Level 1:colcon.colcon_core.package_identification:_identify(src) by extension 'python_setup_py'
[0.251s] Level 1:colcon.colcon_core.package_identification:_identify(src/hunter_turtle_bringup) by extensions ['ignore', 'ignore_ament_install']
[0.251s] Level 1:colcon.colcon_core.package_identification:_identify(src/hunter_turtle_bringup) by extension 'ignore'
[0.251s] Level 1:colcon.colcon_core.package_identification:_identify(src/hunter_turtle_bringup) by extension 'ignore_ament_install'
[0.251s] Level 1:colcon.colcon_core.package_identification:_identify(src/hunter_turtle_bringup) by extensions ['colcon_pkg']
[0.251s] Level 1:colcon.colcon_core.package_identification:_identify(src/hunter_turtle_bringup) by extension 'colcon_pkg'
[0.251s] Level 1:colcon.colcon_core.package_identification:_identify(src/hunter_turtle_bringup) by extensions ['colcon_meta']
[0.251s] Level 1:colcon.colcon_core.package_identification:_identify(src/hunter_turtle_bringup) by extension 'colcon_meta'
[0.251s] Level 1:colcon.colcon_core.package_identification:_identify(src/hunter_turtle_bringup) by extensions ['ros']
[0.251s] Level 1:colcon.colcon_core.package_identification:_identify(src/hunter_turtle_bringup) by extension 'ros'
[0.253s] DEBUG:colcon.colcon_core.package_identification:Package 'src/hunter_turtle_bringup' with type 'ros.ament_cmake' and name 'hunter_turtle_bringup'
[0.253s] Level 1:colcon.colcon_core.package_identification:_identify(src/turtleGame) by extensions ['ignore', 'ignore_ament_install']
[0.253s] Level 1:colcon.colcon_core.package_identification:_identify(src/turtleGame) by extension 'ignore'
[0.253s] Level 1:colcon.colcon_core.package_identification:_identify(src/turtleGame) by extension 'ignore_ament_install'
[0.253s] Level 1:colcon.colcon_core.package_identification:_identify(src/turtleGame) by extensions ['colcon_pkg']
[0.253s] Level 1:colcon.colcon_core.package_identification:_identify(src/turtleGame) by extension 'colcon_pkg'
[0.253s] Level 1:colcon.colcon_core.package_identification:_identify(src/turtleGame) by extensions ['colcon_meta']
[0.254s] Level 1:colcon.colcon_core.package_identification:_identify(src/turtleGame) by extension 'colcon_meta'
[0.254s] Level 1:colcon.colcon_core.package_identification:_identify(src/turtleGame) by extensions ['ros']
[0.254s] Level 1:colcon.colcon_core.package_identification:_identify(src/turtleGame) by extension 'ros'
[0.254s] DEBUG:colcon.colcon_core.package_identification:Package 'src/turtleGame' with type 'ros.ament_python' and name 'turtleGame'
[0.254s] Level 1:colcon.colcon_core.package_discovery:discover_packages(recursive) using defaults
[0.254s] Level 1:colcon.colcon_core.package_discovery:discover_packages(ignore) discover
[0.254s] Level 1:colcon.colcon_core.package_discovery:discover_packages(ignore) using defaults
[0.254s] Level 1:colcon.colcon_core.package_discovery:discover_packages(path) discover
[0.254s] Level 1:colcon.colcon_core.package_discovery:discover_packages(path) using defaults
[0.274s] Level 1:colcon.colcon_core.package_discovery:discover_packages(prefix_path) check parameters
[0.274s] Level 1:colcon.colcon_core.package_discovery:discover_packages(prefix_path) discover
[0.275s] DEBUG:colcon.colcon_installed_package_information.package_discovery:Found 1 installed packages in /home/youssef/turtleGame/install
[0.276s] DEBUG:colcon.colcon_installed_package_information.package_discovery:Found 1 installed packages in /home/youssef/sensor/install
[0.276s] DEBUG:colcon.colcon_installed_package_information.package_discovery:Found 1 installed packages in /home/youssef/ros2_ws/install
[0.277s] DEBUG:colcon.colcon_installed_package_information.package_discovery:Found 270 installed packages in /opt/ros/humble
[0.278s] Level 1:colcon.colcon_core.package_discovery:discover_packages(prefix_path) using defaults
[0.322s] Level 5:colcon.colcon_core.verb:set package 'turtleGame' build argument 'cmake_args' from command line to 'None'
[0.322s] Level 5:colcon.colcon_core.verb:set package 'turtleGame' build argument 'cmake_target' from command line to 'None'
[0.322s] Level 5:colcon.colcon_core.verb:set package 'turtleGame' build argument 'cmake_target_skip_unavailable' from command line to 'False'
[0.322s] Level 5:colcon.colcon_core.verb:set package 'turtleGame' build argument 'cmake_clean_cache' from command line to 'False'
[0.322s] Level 5:colcon.colcon_core.verb:set package 'turtleGame' build argument 'cmake_clean_first' from command line to 'False'
[0.322s] Level 5:colcon.colcon_core.verb:set package 'turtleGame' build argument 'cmake_force_configure' from command line to 'False'
[0.322s] Level 5:colcon.colcon_core.verb:set package 'turtleGame' build argument 'ament_cmake_args' from command line to 'None'
[0.322s] Level 5:colcon.colcon_core.verb:set package 'turtleGame' build argument 'catkin_cmake_args' from command line to 'None'
[0.322s] Level 5:colcon.colcon_core.verb:set package 'turtleGame' build argument 'catkin_skip_building_tests' from command line to 'False'
[0.322s] DEBUG:colcon.colcon_core.verb:Building package 'turtleGame' with the following arguments: {'ament_cmake_args': None, 'build_base': '/home/youssef/turtleGame/build/turtleGame', 'catkin_cmake_args': None, 'catkin_skip_building_tests': False, 'cmake_args': None, 'cmake_clean_cache': False, 'cmake_clean_first': False, 'cmake_force_configure': False, 'cmake_target': None, 'cmake_target_skip_unavailable': False, 'install_base': '/home/youssef/turtleGame/install/turtleGame', 'merge_install': False, 'path': '/home/youssef/turtleGame/src/turtleGame', 'symlink_install': True, 'test_result_base': None}
[0.322s] Level 5:colcon.colcon_core.verb:set package 'hunter_turtle_bringup' build argument 'cmake_args' from command line to 'None'
[0.322s] Level 5:colcon.colcon_core.verb:set package 'hunter_turtle_bringup' build argument 'cmake_target' from command line to 'None'
[0.322s] Level 5:colcon.colcon_core.verb:set package 'hunter_turtle_bringup' build argument 'cmake_target_skip_unavailable' from command line to 'False'
[0.322s] Level 5:colcon.colcon_core.verb:set package 'hunter_turtle_bringup' build argument 'cmake_clean_cache' from command line to 'False'
[0.322s] Level 5:colcon.colcon_core.verb:set package 'hunter_turtle_bringup' build argument 'cmake_clean_first' from command line to 'False'
[0.322s] Level 5:colcon.colcon_core.verb:set package 'hunter_turtle_bringup' build argument 'cmake_force_configure' from command line to 'False'
[0.322s] Level 5:colcon.colcon_core.verb:set package 'hunter_turtle_bringup' build argument 'ament_cmake_args' from command line to 'None'
[0.322s] Level 5:colcon.colcon_core.verb:set package 'hunter_turtle_bringup' build argument 'catkin_cmake_args' from command line to 'None'
[0.322s] Level 5:colcon.colcon_core.verb:set package 'hunter_turtle_bringup' build argument 'catkin_skip_building_tests' from command line to 'False'
[0.322s] DEBUG:colcon.colcon_core.verb:Building package 'hunter_turtle_bringup' with the following arguments: {'ament_cmake_args': None, 'build_base': '/home/youssef/turtleGame/build/hunter_turtle_bringup', 'catkin_cmake_args': None, 'catkin_skip_building_tests': False, 'cmake_args': None, 'cmake_clean_cache': False, 'cmake_clean_first': False, 'cmake_force_configure': False, 'cmake_target': None, 'cmake_target_skip_unavailable': False, 'install_base': '/home/youssef/turtleGame/install/hunter_turtle_bringup', 'merge_install': False, 'path': '/home/youssef/turtleGame/src/hunter_turtle_bringup', 'symlink_install': True, 'test_result_base': None}
[0.323s] INFO:colcon.colcon_core.executor:Executing jobs using 'parallel' executor
[0.323s] DEBUG:colcon.colcon_parallel_executor.executor.parallel:run_until_complete
[0.324s] INFO:colcon.colcon_ros.task.ament_python.build:Building ROS package in '/home/youssef/turtleGame/src/turtleGame' with build type 'ament_python'
[0.324s] Level 1:colcon.colcon_core.shell:create_environment_hook('turtleGame', 'ament_prefix_path')
[0.326s] INFO:colcon.colcon_core.plugin_system:Skipping extension 'colcon_core.shell.bat': Not used on non-Windows systems
[0.326s] INFO:colcon.colcon_core.shell:Creating environment hook '/home/youssef/turtleGame/install/turtleGame/share/turtleGame/hook/ament_prefix_path.ps1'
[0.326s] INFO:colcon.colcon_core.shell:Creating environment descriptor '/home/youssef/turtleGame/install/turtleGame/share/turtleGame/hook/ament_prefix_path.dsv'
[0.327s] INFO:colcon.colcon_core.shell:Creating environment hook '/home/youssef/turtleGame/install/turtleGame/share/turtleGame/hook/ament_prefix_path.sh'
[0.327s] INFO:colcon.colcon_core.shell:Skip shell extension 'powershell' for command environment: Not usable outside of PowerShell
[0.327s] DEBUG:colcon.colcon_core.shell:Skip shell extension 'dsv' for command environment
[0.557s] INFO:colcon.colcon_core.task.python.build:Building Python package in '/home/youssef/turtleGame/src/turtleGame'
[0.557s] INFO:colcon.colcon_core.shell:Skip shell extension 'powershell' for command environment: Not usable outside of PowerShell
[0.557s] DEBUG:colcon.colcon_core.shell:Skip shell extension 'dsv' for command environment
[0.844s] DEBUG:colcon.colcon_core.event_handler.log_command:Invoking command in '/home/youssef/turtleGame/build/turtleGame': PYTHONPATH=/home/youssef/turtleGame/build/turtleGame/prefix_override:/usr/lib/python3/dist-packages/colcon_core/task/python/colcon_distutils_commands:/home/youssef/turtleGame/install/turtleGame/lib/python3.10/site-packages:${PYTHONPATH} /usr/bin/python3 -W ignore:setup.py install is deprecated setup.py develop --editable --build-directory /home/youssef/turtleGame/build/turtleGame/build --no-deps symlink_data
[1.230s] Level 1:colcon.colcon_core.shell:create_environment_hook('turtleGame', 'pythonpath_develop')
[1.230s] DEBUG:colcon.colcon_core.event_handler.log_command:Invoked command in '/home/youssef/turtleGame/build/turtleGame' returned '0': PYTHONPATH=/home/youssef/turtleGame/build/turtleGame/prefix_override:/usr/lib/python3/dist-packages/colcon_core/task/python/colcon_distutils_commands:/home/youssef/turtleGame/install/turtleGame/lib/python3.10/site-packages:${PYTHONPATH} /usr/bin/python3 -W ignore:setup.py install is deprecated setup.py develop --editable --build-directory /home/youssef/turtleGame/build/turtleGame/build --no-deps symlink_data
[1.230s] INFO:colcon.colcon_core.shell:Creating environment hook '/home/youssef/turtleGame/build/turtleGame/share/turtleGame/hook/pythonpath_develop.ps1'
[1.231s] INFO:colcon.colcon_core.shell:Creating environment descriptor '/home/youssef/turtleGame/build/turtleGame/share/turtleGame/hook/pythonpath_develop.dsv'
[1.231s] INFO:colcon.colcon_core.shell:Creating environment hook '/home/youssef/turtleGame/build/turtleGame/share/turtleGame/hook/pythonpath_develop.sh'
[1.233s] Level 1:colcon.colcon_core.environment:checking '/home/youssef/turtleGame/install/turtleGame' for CMake module files
[1.234s] Level 1:colcon.colcon_core.environment:checking '/home/youssef/turtleGame/install/turtleGame' for CMake config files
[1.234s] Level 1:colcon.colcon_core.environment:checking '/home/youssef/turtleGame/install/turtleGame/lib'
[1.234s] Level 1:colcon.colcon_core.environment:checking '/home/youssef/turtleGame/install/turtleGame/bin'
[1.234s] Level 1:colcon.colcon_core.environment:checking '/home/youssef/turtleGame/install/turtleGame/lib/pkgconfig/turtleGame.pc'
[1.235s] Level 1:colcon.colcon_core.environment:checking '/home/youssef/turtleGame/install/turtleGame/lib/python3.10/site-packages'
[1.235s] Level 1:colcon.colcon_core.shell:create_environment_hook('turtleGame', 'pythonpath')
[1.235s] INFO:colcon.colcon_core.shell:Creating environment hook '/home/youssef/turtleGame/install/turtleGame/share/turtleGame/hook/pythonpath.ps1'
[1.235s] INFO:colcon.colcon_core.shell:Creating environment descriptor '/home/youssef/turtleGame/install/turtleGame/share/turtleGame/hook/pythonpath.dsv'
[1.236s] INFO:colcon.colcon_core.shell:Creating environment hook '/home/youssef/turtleGame/install/turtleGame/share/turtleGame/hook/pythonpath.sh'
[1.236s] Level 1:colcon.colcon_core.environment:checking '/home/youssef/turtleGame/install/turtleGame/bin'
[1.236s] Level 1:colcon.colcon_core.environment:create_environment_scripts_only(turtleGame)
[1.236s] INFO:colcon.colcon_core.shell:Creating package script '/home/youssef/turtleGame/install/turtleGame/share/turtleGame/package.ps1'
[1.237s] INFO:colcon.colcon_core.shell:Creating package descriptor '/home/youssef/turtleGame/install/turtleGame/share/turtleGame/package.dsv'
[1.238s] INFO:colcon.colcon_core.shell:Creating package script '/home/youssef/turtleGame/install/turtleGame/share/turtleGame/package.sh'
[1.238s] INFO:colcon.colcon_core.shell:Creating package script '/home/youssef/turtleGame/install/turtleGame/share/turtleGame/package.bash'
[1.239s] INFO:colcon.colcon_core.shell:Creating package script '/home/youssef/turtleGame/install/turtleGame/share/turtleGame/package.zsh'
[1.239s] Level 1:colcon.colcon_core.environment:create_file_with_runtime_dependencies(/home/youssef/turtleGame/install/turtleGame/share/colcon-core/packages/turtleGame)
[1.240s] INFO:colcon.colcon_ros.task.ament_cmake.build:Building ROS package in '/home/youssef/turtleGame/src/hunter_turtle_bringup' with build type 'ament_cmake'
[1.240s] INFO:colcon.colcon_cmake.task.cmake.build:Building CMake package in '/home/youssef/turtleGame/src/hunter_turtle_bringup'
[1.240s] INFO:colcon.colcon_core.shell:Skip shell extension 'powershell' for command environment: Not usable outside of PowerShell
[1.240s] DEBUG:colcon.colcon_core.shell:Skip shell extension 'dsv' for command environment
[1.248s] DEBUG:colcon.colcon_core.event_handler.log_command:Invoking command in '/home/youssef/turtleGame/build/hunter_turtle_bringup': CMAKE_PREFIX_PATH=/home/youssef/turtleGame/install/turtleGame:/home/youssef/ros2_ws/install/my_robot_controller:/home/youssef/sensor/install/UltasonicSensor:/opt/ros/humble /usr/bin/cmake /home/youssef/turtleGame/src/hunter_turtle_bringup -DAMENT_CMAKE_SYMLINK_INSTALL=1 -DCMAKE_INSTALL_PREFIX=/home/youssef/turtleGame/install/hunter_turtle_bringup
[1.995s] DEBUG:colcon.colcon_core.event_handler.log_command:Invoked command in '/home/youssef/turtleGame/build/hunter_turtle_bringup' returned '0': CMAKE_PREFIX_PATH=/home/youssef/turtleGame/install/turtleGame:/home/youssef/ros2_ws/install/my_robot_controller:/home/youssef/sensor/install/UltasonicSensor:/opt/ros/humble /usr/bin/cmake /home/youssef/turtleGame/src/hunter_turtle_bringup -DAMENT_CMAKE_SYMLINK_INSTALL=1 -DCMAKE_INSTALL_PREFIX=/home/youssef/turtleGame/install/hunter_turtle_bringup
[1.996s] DEBUG:colcon.colcon_core.event_handler.log_command:Invoking command in '/home/youssef/turtleGame/build/hunter_turtle_bringup': CMAKE_PREFIX_PATH=/home/youssef/turtleGame/install/turtleGame:/home/youssef/ros2_ws/install/my_robot_controller:/home/youssef/sensor/install/UltasonicSensor:/opt/ros/humble /usr/bin/cmake --build /home/youssef/turtleGame/build/hunter_turtle_bringup -- -j20 -l20
[2.027s] DEBUG:colcon.colcon_core.event_handler.log_command:Invoked command in '/home/youssef/turtleGame/build/hunter_turtle_bringup' returned '0': CMAKE_PREFIX_PATH=/home/youssef/turtleGame/install/turtleGame:/home/youssef/ros2_ws/install/my_robot_controller:/home/youssef/sensor/install/UltasonicSensor:/opt/ros/humble /usr/bin/cmake --build /home/youssef/turtleGame/build/hunter_turtle_bringup -- -j20 -l20
[2.070s] DEBUG:colcon.colcon_core.event_handler.log_command:Invoking command in '/home/youssef/turtleGame/build/hunter_turtle_bringup': CMAKE_PREFIX_PATH=/home/youssef/turtleGame/install/turtleGame:/home/youssef/ros2_ws/install/my_robot_controller:/home/youssef/sensor/install/UltasonicSensor:/opt/ros/humble /usr/bin/cmake --install /home/youssef/turtleGame/build/hunter_turtle_bringup
[2.216s] Level 1:colcon.colcon_core.environment:create_environment_scripts_only(hunter_turtle_bringup)
[2.216s] Level 1:colcon.colcon_core.environment:checking '/home/youssef/turtleGame/install/hunter_turtle_bringup' for CMake module files
[2.217s] DEBUG:colcon.colcon_core.event_handler.log_command:Invoked command in '/home/youssef/turtleGame/build/hunter_turtle_bringup' returned '0': CMAKE_PREFIX_PATH=/home/youssef/turtleGame/install/turtleGame:/home/youssef/ros2_ws/install/my_robot_controller:/home/youssef/sensor/install/UltasonicSensor:/opt/ros/humble /usr/bin/cmake --install /home/youssef/turtleGame/build/hunter_turtle_bringup
[2.217s] Level 1:colcon.colcon_core.environment:checking '/home/youssef/turtleGame/install/hunter_turtle_bringup' for CMake config files
[2.217s] Level 1:colcon.colcon_core.shell:create_environment_hook('hunter_turtle_bringup', 'cmake_prefix_path')
[2.217s] INFO:colcon.colcon_core.shell:Creating environment hook '/home/youssef/turtleGame/install/hunter_turtle_bringup/share/hunter_turtle_bringup/hook/cmake_prefix_path.ps1'
[2.218s] INFO:colcon.colcon_core.shell:Creating environment descriptor '/home/youssef/turtleGame/install/hunter_turtle_bringup/share/hunter_turtle_bringup/hook/cmake_prefix_path.dsv'
[2.218s] INFO:colcon.colcon_core.shell:Creating environment hook '/home/youssef/turtleGame/install/hunter_turtle_bringup/share/hunter_turtle_bringup/hook/cmake_prefix_path.sh'
[2.218s] Level 1:colcon.colcon_core.environment:checking '/home/youssef/turtleGame/install/hunter_turtle_bringup/bin'
[2.218s] Level 1:colcon.colcon_core.environment:checking '/home/youssef/turtleGame/install/hunter_turtle_bringup/lib/pkgconfig/hunter_turtle_bringup.pc'
[2.219s] Level 1:colcon.colcon_core.environment:checking '/home/youssef/turtleGame/install/hunter_turtle_bringup/lib/python3.10/site-packages'
[2.219s] Level 1:colcon.colcon_core.environment:checking '/home/youssef/turtleGame/install/hunter_turtle_bringup/bin'
[2.219s] INFO:colcon.colcon_core.shell:Creating package script '/home/youssef/turtleGame/install/hunter_turtle_bringup/share/hunter_turtle_bringup/package.ps1'
[2.219s] INFO:colcon.colcon_core.shell:Creating package descriptor '/home/youssef/turtleGame/install/hunter_turtle_bringup/share/hunter_turtle_bringup/package.dsv'
[2.220s] INFO:colcon.colcon_core.shell:Creating package script '/home/youssef/turtleGame/install/hunter_turtle_bringup/share/hunter_turtle_bringup/package.sh'
[2.220s] INFO:colcon.colcon_core.shell:Creating package script '/home/youssef/turtleGame/install/hunter_turtle_bringup/share/hunter_turtle_bringup/package.bash'
[2.220s] INFO:colcon.colcon_core.shell:Creating package script '/home/youssef/turtleGame/install/hunter_turtle_bringup/share/hunter_turtle_bringup/package.zsh'
[2.221s] Level 1:colcon.colcon_core.environment:create_file_with_runtime_dependencies(/home/youssef/turtleGame/install/hunter_turtle_bringup/share/colcon-core/packages/hunter_turtle_bringup)
[2.238s] Level 1:colcon.colcon_core.environment:create_environment_scripts_only(hunter_turtle_bringup)
[2.238s] Level 1:colcon.colcon_core.environment:checking '/home/youssef/turtleGame/install/hunter_turtle_bringup' for CMake module files
[2.238s] Level 1:colcon.colcon_core.environment:checking '/home/youssef/turtleGame/install/hunter_turtle_bringup' for CMake config files
[2.239s] Level 1:colcon.colcon_core.shell:create_environment_hook('hunter_turtle_bringup', 'cmake_prefix_path')
[2.239s] INFO:colcon.colcon_core.shell:Creating environment hook '/home/youssef/turtleGame/install/hunter_turtle_bringup/share/hunter_turtle_bringup/hook/cmake_prefix_path.ps1'
[2.239s] INFO:colcon.colcon_core.shell:Creating environment descriptor '/home/youssef/turtleGame/install/hunter_turtle_bringup/share/hunter_turtle_bringup/hook/cmake_prefix_path.dsv'
[2.240s] INFO:colcon.colcon_core.shell:Creating environment hook '/home/youssef/turtleGame/install/hunter_turtle_bringup/share/hunter_turtle_bringup/hook/cmake_prefix_path.sh'
[2.240s] Level 1:colcon.colcon_core.environment:checking '/home/youssef/turtleGame/install/hunter_turtle_bringup/bin'
[2.240s] Level 1:colcon.colcon_core.environment:checking '/home/youssef/turtleGame/install/hunter_turtle_bringup/lib/pkgconfig/hunter_turtle_bringup.pc'
[2.241s] Level 1:colcon.colcon_core.environment:checking '/home/youssef/turtleGame/install/hunter_turtle_bringup/lib/python3.10/site-packages'
[2.241s] Level 1:colcon.colcon_core.environment:checking '/home/youssef/turtleGame/install/hunter_turtle_bringup/bin'
[2.241s] INFO:colcon.colcon_core.shell:Creating package script '/home/youssef/turtleGame/install/hunter_turtle_bringup/share/hunter_turtle_bringup/package.ps1'
[2.242s] INFO:colcon.colcon_core.shell:Creating package descriptor '/home/youssef/turtleGame/install/hunter_turtle_bringup/share/hunter_turtle_bringup/package.dsv'
[2.242s] INFO:colcon.colcon_core.shell:Creating package script '/home/youssef/turtleGame/install/hunter_turtle_bringup/share/hunter_turtle_bringup/package.sh'
[2.243s] INFO:colcon.colcon_core.shell:Creating package script '/home/youssef/turtleGame/install/hunter_turtle_bringup/share/hunter_turtle_bringup/package.bash'
[2.243s] INFO:colcon.colcon_core.shell:Creating package script '/home/youssef/turtleGame/install/hunter_turtle_bringup/share/hunter_turtle_bringup/package.zsh'
[2.243s] Level 1:colcon.colcon_core.environment:create_file_with_runtime_dependencies(/home/youssef/turtleGame/install/hunter_turtle_bringup/share/colcon-core/packages/hunter_turtle_bringup)
[2.243s] DEBUG:colcon.colcon_parallel_executor.executor.parallel:closing loop
[2.244s] DEBUG:colcon.colcon_parallel_executor.executor.parallel:loop closed
[2.244s] DEBUG:colcon.colcon_parallel_executor.executor.parallel:run_until_complete finished with '0'
[2.244s] DEBUG:colcon.colcon_core.event_reactor:joining thread
[2.249s] INFO:colcon.colcon_core.plugin_system:Skipping extension 'colcon_notification.desktop_notification.terminal_notifier': Not used on non-Darwin systems
[2.249s] INFO:colcon.colcon_core.plugin_system:Skipping extension 'colcon_notification.desktop_notification.win32': Not used on non-Windows systems
[2.249s] INFO:colcon.colcon_notification.desktop_notification:Sending desktop notification using 'notify2'
[2.275s] DEBUG:colcon.colcon_core.event_reactor:joined thread
[2.276s] INFO:colcon.colcon_core.shell:Creating prefix script '/home/youssef/turtleGame/install/local_setup.ps1'
[2.276s] INFO:colcon.colcon_core.shell:Creating prefix util module '/home/youssef/turtleGame/install/_local_setup_util_ps1.py'
[2.277s] INFO:colcon.colcon_core.shell:Creating prefix chain script '/home/youssef/turtleGame/install/setup.ps1'
[2.278s] INFO:colcon.colcon_core.shell:Creating prefix script '/home/youssef/turtleGame/install/local_setup.sh'
[2.279s] INFO:colcon.colcon_core.shell:Creating prefix util module '/home/youssef/turtleGame/install/_local_setup_util_sh.py'
[2.279s] INFO:colcon.colcon_core.shell:Creating prefix chain script '/home/youssef/turtleGame/install/setup.sh'
[2.280s] INFO:colcon.colcon_core.shell:Creating prefix script '/home/youssef/turtleGame/install/local_setup.bash'
[2.281s] INFO:colcon.colcon_core.shell:Creating prefix chain script '/home/youssef/turtleGame/install/setup.bash'
[2.281s] INFO:colcon.colcon_core.shell:Creating prefix script '/home/youssef/turtleGame/install/local_setup.zsh'
[2.282s] INFO:colcon.colcon_core.shell:Creating prefix chain script '/home/youssef/turtleGame/install/setup.zsh'
